Using pre-set license
Built from '2022.3/staging' branch; Version is '2022.3.9f1 (ea401c316338) revision 15351836'; Using compiler version '192829333'; Build Type 'Release'
OS: 'Windows 11  (10.0.26100) 64bit Education' Language: 'en' Physical Memory: 16072 MB
BatchMode: 1, IsHumanControllingUs: 0, StartBugReporterOnCrash: 0, Is64bit: 1, IsPro: 1

COMMAND LINE ARGUMENTS:
C:\Program Files\Unity\Hub\Editor\2022.3.9f1\Editor\Unity.exe
-adb2
-batchMode
-noUpm
-name
AssetImportWorker0
-projectPath
D:/Repositories/HUD-1-Hudson-King
-logFile
Logs/AssetImportWorker0.log
-srvPort
54201
Successfully changed project path to: D:/Repositories/HUD-1-Hudson-King
D:/Repositories/HUD-1-Hudson-King
[UnityMemory] Configuration Parameters - Can be set up in boot.config
    "memorysetup-bucket-allocator-granularity=16"
    "memorysetup-bucket-allocator-bucket-count=8"
    "memorysetup-bucket-allocator-block-size=33554432"
    "memorysetup-bucket-allocator-block-count=8"
    "memorysetup-main-allocator-block-size=16777216"
    "memorysetup-thread-allocator-block-size=16777216"
    "memorysetup-gfx-main-allocator-block-size=16777216"
    "memorysetup-gfx-thread-allocator-block-size=16777216"
    "memorysetup-cache-allocator-block-size=4194304"
    "memorysetup-typetree-allocator-block-size=2097152"
    "memorysetup-profiler-bucket-allocator-granularity=16"
    "memorysetup-profiler-bucket-allocator-bucket-count=8"
    "memorysetup-profiler-bucket-allocator-block-size=33554432"
    "memorysetup-profiler-bucket-allocator-block-count=8"
    "memorysetup-profiler-allocator-block-size=16777216"
    "memorysetup-profiler-editor-allocator-block-size=1048576"
    "memorysetup-temp-allocator-size-main=16777216"
    "memorysetup-job-temp-allocator-block-size=2097152"
    "memorysetup-job-temp-allocator-block-size-background=1048576"
    "memorysetup-job-temp-allocator-reduction-small-platforms=262144"
    "memorysetup-allocator-temp-initial-block-size-main=262144"
    "memorysetup-allocator-temp-initial-block-size-worker=262144"
    "memorysetup-temp-allocator-size-background-worker=32768"
    "memorysetup-temp-allocator-size-job-worker=262144"
    "memorysetup-temp-allocator-size-preload-manager=33554432"
    "memorysetup-temp-allocator-size-nav-mesh-worker=65536"
    "memorysetup-temp-allocator-size-audio-worker=65536"
    "memorysetup-temp-allocator-size-cloud-worker=32768"
    "memorysetup-temp-allocator-size-gi-baking-worker=262144"
    "memorysetup-temp-allocator-size-gfx=262144"
Player connection [9300] Host "[IP] 10.1.21.15 [Port] 0 [Flags] 2 [Guid] 779730359 [EditorId] 779730359 [Version] 1048832 [Id] WindowsEditor(7,23HS11110) [Debug] 1 [PackageName] WindowsEditor [ProjectName] Editor" joined multi-casting on [225.0.0.222:54997]...

Player connection [9300] Host "[IP] 10.1.21.15 [Port] 0 [Flags] 2 [Guid] 779730359 [EditorId] 779730359 [Version] 1048832 [Id] WindowsEditor(7,23HS11110) [Debug] 1 [PackageName] WindowsEditor [ProjectName] Editor" joined alternative multi-casting on [225.0.0.222:34997]...

[Physics::Module] Initialized MultithreadedJobDispatcher with 19 workers.
Refreshing native plugins compatible for Editor in 2.47 ms, found 2 plugins.
Preloading 0 native plugins for Editor in 0.00 ms.
Initialize engine version: 2022.3.9f1 (ea401c316338)
[Subsystems] Discovering subsystems at path C:/Program Files/Unity/Hub/Editor/2022.3.9f1/Editor/Data/Resources/UnitySubsystems
[Subsystems] Discovering subsystems at path D:/Repositories/HUD-1-Hudson-King/Assets
GfxDevice: creating device client; threaded=0; jobified=0
Direct3D:
    Version:  Direct3D 11.0 [level 11.1]
    Renderer: Intel(R) UHD Graphics 770 (ID=0x4680)
    Vendor:   Intel
    VRAM:     8036 MB
    Driver:   32.0.101.6078
Initialize mono
Mono path[0] = 'C:/Program Files/Unity/Hub/Editor/2022.3.9f1/Editor/Data/Managed'
Mono path[1] = 'C:/Program Files/Unity/Hub/Editor/2022.3.9f1/Editor/Data/MonoBleedingEdge/lib/mono/unityjit-win32'
Mono config path = 'C:/Program Files/Unity/Hub/Editor/2022.3.9f1/Editor/Data/MonoBleedingEdge/etc'
Using monoOptions --debugger-agent=transport=dt_socket,embedding=1,server=y,suspend=n,address=127.0.0.1:56040
Begin MonoManager ReloadAssembly
Registering precompiled unity dll's ...
Register platform support module: C:/Program Files/Unity/Hub/Editor/2022.3.9f1/Editor/Data/PlaybackEngines/WindowsStandaloneSupport/UnityEditor.WindowsStandalone.Extensions.dll
Registered in 0.005278 seconds.
- Loaded All Assemblies, in  0.242 seconds
Native extension for WindowsStandalone target not found
Mono: successfully reloaded assembly
- Finished resetting the current domain, in  0.181 seconds
Domain Reload Profiling: 422ms
	BeginReloadAssembly (81ms)
		ExecutionOrderSort (0ms)
		DisableScriptedObjects (0ms)
		BackupInstance (0ms)
		ReleaseScriptingObjects (0ms)
		CreateAndSetChildDomain (1ms)
	RebuildCommonClasses (22ms)
	RebuildNativeTypeToScriptingClass (6ms)
	initialDomainReloadingComplete (42ms)
	LoadAllAssembliesAndSetupDomain (89ms)
		LoadAssemblies (79ms)
		RebuildTransferFunctionScriptingTraits (0ms)
		AnalyzeDomain (88ms)
			TypeCache.Refresh (87ms)
				TypeCache.ScanAssembly (78ms)
			ScanForSourceGeneratedMonoScriptInfo (0ms)
			ResolveRequiredComponents (0ms)
	FinalizeReload (181ms)
		ReleaseScriptCaches (0ms)
		RebuildScriptCaches (0ms)
		SetupLoadedEditorAssemblies (140ms)
			LogAssemblyErrors (0ms)
			InitializePlatformSupportModulesInManaged (7ms)
			SetLoadedEditorAssemblies (5ms)
			RefreshPlugins (0ms)
			BeforeProcessingInitializeOnLoad (1ms)
			ProcessInitializeOnLoadAttributes (91ms)
			ProcessInitializeOnLoadMethodAttributes (35ms)
			AfterProcessingInitializeOnLoad (0ms)
			EditorAssembliesLoaded (0ms)
		ExecutionOrderSort2 (0ms)
		AwakeInstancesAfterBackupRestoration (0ms)
========================================================================
Worker process is ready to serve import requests
Begin MonoManager ReloadAssembly
- Loaded All Assemblies, in  0.360 seconds
Refreshing native plugins compatible for Editor in 1.42 ms, found 2 plugins.
Native extension for WindowsStandalone target not found
Package Manager log level set to [2]
[Package Manager] Server::EnsureServerProcessIsRunning -- launch failed, reason: Unity was launched with the -noUpm command-line argument
[Package Manager] UpmClient::Send -- Unable to send message (not connected to UPM process).
[Package Manager] Cannot connect to Unity Package Manager local server
Mono: successfully reloaded assembly
- Finished resetting the current domain, in  0.401 seconds
Domain Reload Profiling: 760ms
	BeginReloadAssembly (100ms)
		ExecutionOrderSort (0ms)
		DisableScriptedObjects (3ms)
		BackupInstance (0ms)
		ReleaseScriptingObjects (0ms)
		CreateAndSetChildDomain (14ms)
	RebuildCommonClasses (21ms)
	RebuildNativeTypeToScriptingClass (6ms)
	initialDomainReloadingComplete (28ms)
	LoadAllAssembliesAndSetupDomain (203ms)
		LoadAssemblies (194ms)
		RebuildTransferFunctionScriptingTraits (0ms)
		AnalyzeDomain (67ms)
			TypeCache.Refresh (56ms)
				TypeCache.ScanAssembly (45ms)
			ScanForSourceGeneratedMonoScriptInfo (7ms)
			ResolveRequiredComponents (2ms)
	FinalizeReload (402ms)
		ReleaseScriptCaches (0ms)
		RebuildScriptCaches (0ms)
		SetupLoadedEditorAssemblies (299ms)
			LogAssemblyErrors (0ms)
			InitializePlatformSupportModulesInManaged (5ms)
			SetLoadedEditorAssemblies (4ms)
			RefreshPlugins (0ms)
			BeforeProcessingInitializeOnLoad (38ms)
			ProcessInitializeOnLoadAttributes (216ms)
			ProcessInitializeOnLoadMethodAttributes (33ms)
			AfterProcessingInitializeOnLoad (4ms)
			EditorAssembliesLoaded (0ms)
		ExecutionOrderSort2 (0ms)
		AwakeInstancesAfterBackupRestoration (5ms)
Launched and connected shader compiler UnityShaderCompiler.exe after 0.05 seconds
Refreshing native plugins compatible for Editor in 0.74 ms, found 2 plugins.
Preloading 0 native plugins for Editor in 0.00 ms.
Unloading 1857 Unused Serialized files (Serialized files now loaded: 0)
Unloading 38 unused Assets / (126.8 KB). Loaded Objects now: 2348.
Memory consumption went from 99.0 MB to 98.9 MB.
Total: 3.036200 ms (FindLiveObjects: 0.096500 ms CreateObjectMapping: 0.028900 ms MarkObjects: 2.821200 ms  DeleteObjects: 0.088900 ms)

AssetImportParameters requested are different than current active one (requested -> active):
  custom:video-decoder-webm-vp8: 9c59270c3fd7afecdb556c50c9e8de78 -> 
  custom:SearchIndexIgnoredProperties: e643bd26f0fe6173181afceb89e7c659 -> 
  custom:container-demuxer-ogg: 62fdf1f143b41e24485cea50d1cbac27 -> 
  custom:AudioImporter_EditorPlatform: d09bf68614088b80899f8185d706f6e7 -> 
  custom:video-codec-MediaFoundation-h265: 746d11721c4dcdbdad8f713fa42b33f4 -> 
  custom:video-decoder-ogg-theora: a1e56fd34408186e4bbccfd4996cb3dc -> 
  custom:framework-win-MediaFoundation: 216162199b28c13a410421893ffa2e32 -> 
  custom:video-encoder-webm-vp8: eb34c28f22e8b96e1ab97ce403110664 -> 
  custom:audio-decoder-ogg-vorbis: bf7c407c2cedff20999df2af8eb42d56 -> 
  custom:CustomObjectIndexerAttribute: 756ad292c208cfabdd7b50bc23989ffe -> 
  custom:container-demuxer-webm: 4f35f7cbe854078d1ac9338744f61a02 -> 
  custom:audio-encoder-webm-vorbis: bf7c407c2cedff20999df2af8eb42d56 -> 
  custom:container-muxer-webm: aa71ff27fc2769a1b78a27578f13a17b -> 
========================================================================
Received Import Request.
  Time since last request: 14926.052350 seconds.
  path: Assets/Scenes/menu screen.unity
  artifactKey: Guid(503e5e764fe239c4fa7a618feb379740) Importer(815301076,1909f56bfc062723c751e8b465ee728b)
Start importing Assets/Scenes/menu screen.unity using Guid(503e5e764fe239c4fa7a618feb379740) Importer(815301076,1909f56bfc062723c751e8b465ee728b)  -> (artifact id: '4e2302aa9b0e5b740330c0ccbdc0dc23') in 0.002887 seconds
Number of updated asset objects reloaded before import = 0
Number of asset objects unloaded after import = 0
========================================================================
Received Import Request.
  Time since last request: 6.461098 seconds.
  path: Assets/Scenes/Menu screen.unity
  artifactKey: Guid(503e5e764fe239c4fa7a618feb379740) Importer(815301076,1909f56bfc062723c751e8b465ee728b)
Start importing Assets/Scenes/Menu screen.unity using Guid(503e5e764fe239c4fa7a618feb379740) Importer(815301076,1909f56bfc062723c751e8b465ee728b)  -> (artifact id: 'f72d9384f92decb8e4d04ecb53ba1b1c') in 0.003938 seconds
Number of updated asset objects reloaded before import = 0
Number of asset objects unloaded after import = 0
========================================================================
Received Import Request.
  Time since last request: 585.920783 seconds.
  path: Assets/TextMesh Pro/Resources/Fonts & Materials/LiberationSans SDF.asset
  artifactKey: Guid(8f586378b4e144a9851e7b34d9b748ee) Importer(815301076,1909f56bfc062723c751e8b465ee728b)
Start importing Assets/TextMesh Pro/Resources/Fonts & Materials/LiberationSans SDF.asset using Guid(8f586378b4e144a9851e7b34d9b748ee) Importer(815301076,1909f56bfc062723c751e8b465ee728b)  -> (artifact id: '574cba2984832c2fe95708c0d0c48f3f') in 0.203304 seconds
Number of updated asset objects reloaded before import = 0
Number of asset objects unloaded after import = 10
========================================================================
Received Import Request.
  Time since last request: 10.468346 seconds.
  path: Assets/Fonts/BebasNeue-Regular.ttf
  artifactKey: Guid(c36d396ea36d24fbe95fe1a98a52fee6) Importer(815301076,1909f56bfc062723c751e8b465ee728b)
Start importing Assets/Fonts/BebasNeue-Regular.ttf using Guid(c36d396ea36d24fbe95fe1a98a52fee6) Importer(815301076,1909f56bfc062723c751e8b465ee728b)  -> (artifact id: '8678ac95e60d42cd348de2ab90cb836e') in 0.074800 seconds
Number of updated asset objects reloaded before import = 0
Number of asset objects unloaded after import = 4
========================================================================
Received Import Request.
  Time since last request: 0.000051 seconds.
  path: Assets/Fonts/Roboto-ThinItalic.ttf
  artifactKey: Guid(d95c4c64d12fd483094baa6e65ce7106) Importer(815301076,1909f56bfc062723c751e8b465ee728b)
Start importing Assets/Fonts/Roboto-ThinItalic.ttf using Guid(d95c4c64d12fd483094baa6e65ce7106) Importer(815301076,1909f56bfc062723c751e8b465ee728b)  -> (artifact id: 'dc158147a77e71968648b0aa0be0198e') in 0.028205 seconds
Number of updated asset objects reloaded before import = 0
Number of asset objects unloaded after import = 4
========================================================================
Received Import Request.
  Time since last request: 0.000044 seconds.
  path: Assets/Fonts/Roboto-Regular.ttf
  artifactKey: Guid(f413ce877de6548c1984512e3e3f8f72) Importer(815301076,1909f56bfc062723c751e8b465ee728b)
Start importing Assets/Fonts/Roboto-Regular.ttf using Guid(f413ce877de6548c1984512e3e3f8f72) Importer(815301076,1909f56bfc062723c751e8b465ee728b)  -> (artifact id: '8537e6f5afe9839d602f813858b1db33') in 0.042275 seconds
Number of updated asset objects reloaded before import = 0
Number of asset objects unloaded after import = 4
========================================================================
Received Import Request.
  Time since last request: 0.000021 seconds.
  path: Assets/Fonts/Roboto-Black.ttf
  artifactKey: Guid(ed7d3224c6af84dccb062c98f1bf2862) Importer(815301076,1909f56bfc062723c751e8b465ee728b)
Start importing Assets/Fonts/Roboto-Black.ttf using Guid(ed7d3224c6af84dccb062c98f1bf2862) Importer(815301076,1909f56bfc062723c751e8b465ee728b)  -> (artifact id: '0cc2da08364e9480e0203b8ec532693c') in 0.021705 seconds
Number of updated asset objects reloaded before import = 0
Number of asset objects unloaded after import = 4
========================================================================
Received Import Request.
  Time since last request: 0.000019 seconds.
  path: Assets/Fonts/Roboto-Thin.ttf
  artifactKey: Guid(c174e18c51dc64cf08c375ed57a84eee) Importer(815301076,1909f56bfc062723c751e8b465ee728b)
Start importing Assets/Fonts/Roboto-Thin.ttf using Guid(c174e18c51dc64cf08c375ed57a84eee) Importer(815301076,1909f56bfc062723c751e8b465ee728b)  -> (artifact id: 'f83efdfaa7e1b430fdcd0f94adde419b') in 0.050559 seconds
Number of updated asset objects reloaded before import = 0
Number of asset objects unloaded after import = 4
========================================================================
Received Import Request.
  Time since last request: 0.000045 seconds.
  path: Assets/Fonts/Roboto-Medium.ttf
  artifactKey: Guid(017fccb97408f479c9469331ca59d7e8) Importer(815301076,1909f56bfc062723c751e8b465ee728b)
Start importing Assets/Fonts/Roboto-Medium.ttf using Guid(017fccb97408f479c9469331ca59d7e8) Importer(815301076,1909f56bfc062723c751e8b465ee728b)  -> (artifact id: '413677965200af88e492ead819fe5d00') in 0.036389 seconds
Number of updated asset objects reloaded before import = 0
Number of asset objects unloaded after import = 4
========================================================================
Received Import Request.
  Time since last request: 0.000015 seconds.
  path: Assets/Fonts/Roboto-BoldItalic.ttf
  artifactKey: Guid(007e804bd408643e3b1288ca2bcb71c6) Importer(815301076,1909f56bfc062723c751e8b465ee728b)
Start importing Assets/Fonts/Roboto-BoldItalic.ttf using Guid(007e804bd408643e3b1288ca2bcb71c6) Importer(815301076,1909f56bfc062723c751e8b465ee728b)  -> (artifact id: '0b362ac2b3e8d6a5285d7fec186af144') in 0.039180 seconds
Number of updated asset objects reloaded before import = 0
Number of asset objects unloaded after import = 4
========================================================================
Received Import Request.
  Time since last request: 25.457379 seconds.
  path: Assets/Fonts/Ubuntu-Bold.ttf
  artifactKey: Guid(913247dea926540e9a740e52a6e5f5bb) Importer(815301076,1909f56bfc062723c751e8b465ee728b)
Start importing Assets/Fonts/Ubuntu-Bold.ttf using Guid(913247dea926540e9a740e52a6e5f5bb) Importer(815301076,1909f56bfc062723c751e8b465ee728b)  -> (artifact id: 'f8363fdeb66c403d655ed79a174a9e22') in 0.051709 seconds
Number of updated asset objects reloaded before import = 0
Number of asset objects unloaded after import = 4
========================================================================
Received Import Request.
  Time since last request: 0.026319 seconds.
  path: Assets/Fonts/Ubuntu-Light.ttf
  artifactKey: Guid(f42188614cf154bf3b8fbb2d43c36d6e) Importer(815301076,1909f56bfc062723c751e8b465ee728b)
Start importing Assets/Fonts/Ubuntu-Light.ttf using Guid(f42188614cf154bf3b8fbb2d43c36d6e) Importer(815301076,1909f56bfc062723c751e8b465ee728b)  -> (artifact id: 'f0f6e8a15194eb1f593e2ed170353d9b') in 0.041506 seconds
Number of updated asset objects reloaded before import = 0
Number of asset objects unloaded after import = 4
========================================================================
Received Import Request.
  Time since last request: 0.000023 seconds.
  path: Assets/Fonts/Ubuntu-Medium.ttf
  artifactKey: Guid(d57cd3f1a923e41a080a7669b136d404) Importer(815301076,1909f56bfc062723c751e8b465ee728b)
Start importing Assets/Fonts/Ubuntu-Medium.ttf using Guid(d57cd3f1a923e41a080a7669b136d404) Importer(815301076,1909f56bfc062723c751e8b465ee728b)  -> (artifact id: 'e2c802f2b722c800d71d16b40e809a3d') in 0.057097 seconds
Number of updated asset objects reloaded before import = 0
Number of asset objects unloaded after import = 4
Editor requested this worker to shutdown with reason: Scaling down because of idle timeout
TcpMessagingSession - receive error: operation aborted. errorcode: 995, details: The I/O operation has been aborted because of either a thread exit or an application request.
AssetImportWorker is now disconnected from the server
Process exiting
Exiting without the bug reporter. Application will terminate with return code 0